<?xml version="1.0" encoding="UTF-8"?>
<!-- Generated by org.testng.reporters.JUnitReportReporter -->
<testsuite hostname="PT-PF3LKH6F" failures="0" tests="2" name="automation.api.Morroco" time="24.328" errors="0" timestamp="2023-12-13T20:03:50 WET" skipped="0">
  <testcase classname="automation.api.Morroco" name="getRequest" time="0.454"/>
  <testcase classname="automation.api.Morroco" name="getFinalScore" time="23.874"/>
</testsuite> <!-- automation.api.Morroco -->
