<?xml version="1.0" encoding="UTF-8"?>
<!-- Generated by org.testng.reporters.JUnitReportReporter -->
<testsuite hostname="PT-PF3LKH6F" failures="0" tests="2" name="automation.prectise.testcases.TC_Login_01" time="1.281" errors="0" timestamp="2023-12-09T21:40:25 WET" skipped="0">
  <testcase classname="automation.prectise.testcases.TC_Login_01" name="login" time="1.056"/>
  <testcase classname="automation.prectise.testcases.TC_Login_01" name="login" time="0.225"/>
</testsuite> <!-- automation.prectise.testcases.TC_Login_01 -->
